21:45:27 **** Incremental Build of configuration Debug for project TP1_ej1 ****
make all 
Building file: ../main.c
Invoking: GCC C Compiler
gcc -O0 -g3 -Wall -c -fmessage-length=0 -MMD -MP -MF"main.d" -MT"main.o" -o "main.o" "../main.c"
../main.c:86:1: warning: "/*" within comment [-Wcomment]
 /**************************************************/
 ^
Finished building: ../main.c
 
Building target: TP1_ej1
Invoking: GCC C++ Linker
g++  -o "TP1_ej1"  ./main.o   
Finished building target: TP1_ej1
 
21:45:33 **** Incremental Build of configuration Debug for project TP1_ej1 ****
make all 
make: No se hace nada para 'all'.
21:48:05 **** Incremental Build of configuration Debug for project TP1_ej1 ****
make all 
Building file: ../main.c
Invoking: GCC C Compiler
gcc -O0 -g3 -Wall -c -fmessage-length=0 -MMD -MP -MF"main.d" -MT"main.o" -o "main.o" "../main.c"
../main.c:87:1: warning: "/*" within comment [-Wcomment]
 /**************************************************/
 ^
Finished building: ../main.c
 
Building target: TP1_ej1
Invoking: GCC C++ Linker
g++  -o "TP1_ej1"  ./main.o   
Finished building target: TP1_ej1
 
21:51:16 **** Incremental Build of configuration Debug for project TP1_ej1 ****
make all 
Building file: ../main.c
Invoking: GCC C Compiler
gcc -O0 -g3 -Wall -c -fmessage-length=0 -MMD -MP -MF"main.d" -MT"main.o" -o "main.o" "../main.c"
../main.c:90:1: warning: "/*" within comment [-Wcomment]
 /**************************************************/
 ^
Finished building: ../main.c
 
Building target: TP1_ej1
Invoking: GCC C++ Linker
g++  -o "TP1_ej1"  ./main.o   
Finished building target: TP1_ej1
 
21:51:32 **** Incremental Build of configuration Debug for project TP1_ej1 ****
make all 
Building file: ../main.c
Invoking: GCC C Compiler
gcc -O0 -g3 -Wall -c -fmessage-length=0 -MMD -MP -MF"main.d" -MT"main.o" -o "main.o" "../main.c"
../main.c:90:1: warning: "/*" within comment [-Wcomment]
 /**************************************************/
 ^
Finished building: ../main.c
 
Building target: TP1_ej1
Invoking: GCC C++ Linker
g++  -o "TP1_ej1"  ./main.o   
Finished building target: TP1_ej1
 
21:52:01 **** Incremental Build of configuration Debug for project TP1_ej1 ****
make all 
Building file: ../main.c
Invoking: GCC C Compiler
gcc -O0 -g3 -Wall -c -fmessage-length=0 -MMD -MP -MF"main.d" -MT"main.o" -o "main.o" "../main.c"
../main.c:90:1: warning: "/*" within comment [-Wcomment]
 /**************************************************/
 ^
Finished building: ../main.c
 
Building target: TP1_ej1
Invoking: GCC C++ Linker
g++  -o "TP1_ej1"  ./main.o   
Finished building target: TP1_ej1
 
